app/build/intermediates/manifest_merge_blame_file/debug/processDebugMainManifest/manifest-merger-blame-debug-report.txt
1<?xml version="1.0" encoding="utf-8"?>
2<manifest xmlns:android="http://schemas.android.com/apk/res/android"
3    package="com.pointdown.app"
4    android:versionCode="1"
5    android:versionName="1.0.0" >
6
7    <uses-sdk
8        android:minSdkVersion="26"
9        android:targetSdkVersion="34" />
10
11    <!-- Permessi di base -->
12    <uses-permission android:name="android.permission.INTERNET" />
12-->src\main\AndroidManifest.xml:5:5-66
12-->src\main\AndroidManifest.xml:5:22-64
13    <uses-permission android:name="android.permission.RECEIVE_BOOT_COMPLETED" />
13-->src\main\AndroidManifest.xml:6:5-80
13-->src\main\AndroidManifest.xml:6:22-78
14    <uses-permission android:name="android.permission.POST_NOTIFICATIONS" />
14-->src\main\AndroidManifest.xml:7:5-76
14-->src\main\AndroidManifest.xml:7:22-74
15
16    <!-- Permessi per allarmi precisi (Android 12+) -->
17    <uses-permission android:name="android.permission.SCHEDULE_EXACT_ALARM" />
17-->src\main\AndroidManifest.xml:10:5-78
17-->src\main\AndroidManifest.xml:10:22-76
18    <uses-permission android:name="android.permission.USE_EXACT_ALARM" />
18-->src\main\AndroidManifest.xml:11:5-74
18-->src\main\AndroidManifest.xml:11:22-71
19
20    <!-- Per compatibilità notifiche su Android 12+ -->
21    <uses-permission android:name="android.permission.FOREGROUND_SERVICE" />
21-->src\main\AndroidManifest.xml:14:5-76
21-->src\main\AndroidManifest.xml:14:22-74
22
23    <permission
23-->[androidx.core:core:1.13.1] AndroidManifest.xml:22:5-24:47
24        android:name="com.pointdown.app.DYNAMIC_RECEIVER_NOT_EXPORTED_PERMISSION"
24-->[androidx.core:core:1.13.1] AndroidManifest.xml:23:9-81
25        android:protectionLevel="signature" />
25-->[androidx.core:core:1.13.1] AndroidManifest.xml:24:9-44
26
27    <uses-permission android:name="com.pointdown.app.DYNAMIC_RECEIVER_NOT_EXPORTED_PERMISSION" />
27-->[androidx.core:core:1.13.1] AndroidManifest.xml:26:5-97
27-->[androidx.core:core:1.13.1] AndroidManifest.xml:26:22-94
28
29    <application
29-->src\main\AndroidManifest.xml:16:5-45:19
30        android:allowBackup="true"
30-->src\main\AndroidManifest.xml:20:9-35
31        android:appComponentFactory="androidx.core.app.CoreComponentFactory"
31-->[androidx.core:core:1.13.1] AndroidManifest.xml:28:18-86
32        android:debuggable="true"
33        android:extractNativeLibs="false"
34        android:icon="@mipmap/ic_launcher"
34-->src\main\AndroidManifest.xml:18:9-43
35        android:label="@string/app_name"
35-->src\main\AndroidManifest.xml:17:9-41
36        android:roundIcon="@mipmap/ic_launcher_round"
36-->src\main\AndroidManifest.xml:19:9-54
37        android:supportsRtl="true"
37-->src\main\AndroidManifest.xml:22:9-35
38        android:testOnly="true"
39        android:theme="@style/Theme.Material3.DayNight.NoActionBar"
39-->src\main\AndroidManifest.xml:23:9-68
40        android:usesCleartextTraffic="true" >
40-->src\main\AndroidManifest.xml:21:9-44
41        <activity
41-->src\main\AndroidManifest.xml:25:9-78
42            android:name="com.pointdown.app.SettingsActivity"
42-->src\main\AndroidManifest.xml:25:19-51
43            android:exported="false" />
43-->src\main\AndroidManifest.xml:25:52-76
44        <activity
44-->src\main\AndroidManifest.xml:26:9-31:20
45            android:name="com.pointdown.app.MainActivity"
45-->src\main\AndroidManifest.xml:26:19-47
46            android:exported="true" >
46-->src\main\AndroidManifest.xml:26:48-71
47            <intent-filter>
47-->src\main\AndroidManifest.xml:27:13-30:29
48                <action android:name="android.intent.action.MAIN" />
48-->src\main\AndroidManifest.xml:28:17-68
48-->src\main\AndroidManifest.xml:28:25-66
49
50                <category android:name="android.intent.category.LAUNCHER" />
50-->src\main\AndroidManifest.xml:29:17-76
50-->src\main\AndroidManifest.xml:29:27-74
51            </intent-filter>
52        </activity>
53
54        <receiver
54-->src\main\AndroidManifest.xml:33:9-37:20
55            android:name="com.pointdown.app.alarm.NotificationReceiver"
55-->src\main\AndroidManifest.xml:33:19-61
56            android:exported="true" >
56-->src\main\AndroidManifest.xml:33:62-85
57            <intent-filter>
57-->src\main\AndroidManifest.xml:34:13-36:29
58                <action android:name="com.pointdown.app.SHOW_NOTIFICATION" />
58-->src\main\AndroidManifest.xml:35:17-77
58-->src\main\AndroidManifest.xml:35:25-75
59            </intent-filter>
60        </receiver>
61        <receiver
61-->src\main\AndroidManifest.xml:39:9-43:20
62            android:name="com.pointdown.app.alarm.BootReceiver"
62-->src\main\AndroidManifest.xml:39:19-53
63            android:exported="true" >
63-->src\main\AndroidManifest.xml:39:54-77
64            <intent-filter>
64-->src\main\AndroidManifest.xml:40:13-42:29
65                <action android:name="android.intent.action.BOOT_COMPLETED" />
65-->src\main\AndroidManifest.xml:41:17-78
65-->src\main\AndroidManifest.xml:41:25-76
66            </intent-filter>
67        </receiver>
68
69        <provider
69-->[androidx.emoji2:emoji2:1.3.0] AndroidManifest.xml:24:9-32:20
70            android:name="androidx.startup.InitializationProvider"
70-->[androidx.emoji2:emoji2:1.3.0] AndroidManifest.xml:25:13-67
71            android:authorities="com.pointdown.app.androidx-startup"
71-->[androidx.emoji2:emoji2:1.3.0] AndroidManifest.xml:26:13-68
72            android:exported="false" >
72-->[androidx.emoji2:emoji2:1.3.0] AndroidManifest.xml:27:13-37
73            <meta-data
73-->[androidx.emoji2:emoji2:1.3.0] AndroidManifest.xml:29:13-31:52
74                android:name="androidx.emoji2.text.EmojiCompatInitializer"
74-->[androidx.emoji2:emoji2:1.3.0] AndroidManifest.xml:30:17-75
75                android:value="androidx.startup" />
75-->[androidx.emoji2:emoji2:1.3.0] AndroidManifest.xml:31:17-49
76            <meta-data
76-->[androidx.lifecycle:lifecycle-process:2.6.2] AndroidManifest.xml:29:13-31:52
77                android:name="androidx.lifecycle.ProcessLifecycleInitializer"
77-->[androidx.lifecycle:lifecycle-process:2.6.2] AndroidManifest.xml:30:17-78
78                android:value="androidx.startup" />
78-->[androidx.lifecycle:lifecycle-process:2.6.2] AndroidManifest.xml:31:17-49
79            <meta-data
79-->[androidx.profileinstaller:profileinstaller:1.4.0] AndroidManifest.xml:29:13-31:52
80                android:name="androidx.profileinstaller.ProfileInstallerInitializer"
80-->[androidx.profileinstaller:profileinstaller:1.4.0] AndroidManifest.xml:30:17-85
81                android:value="androidx.startup" />
81-->[androidx.profileinstaller:profileinstaller:1.4.0] AndroidManifest.xml:31:17-49
82        </provider>
83
84        <receiver
84-->[androidx.profileinstaller:profileinstaller:1.4.0] AndroidManifest.xml:34:9-52:20
85            android:name="androidx.profileinstaller.ProfileInstallReceiver"
85-->[androidx.profileinstaller:profileinstaller:1.4.0] AndroidManifest.xml:35:13-76
86            android:directBootAware="false"
86-->[androidx.profileinstaller:profileinstaller:1.4.0] AndroidManifest.xml:36:13-44
87            android:enabled="true"
87-->[androidx.profileinstaller:profileinstaller:1.4.0] AndroidManifest.xml:37:13-35
88            android:exported="true"
88-->[androidx.profileinstaller:profileinstaller:1.4.0] AndroidManifest.xml:38:13-36
89            android:permission="android.permission.DUMP" >
89-->[androidx.profileinstaller:profileinstaller:1.4.0] AndroidManifest.xml:39:13-57
90            <intent-filter>
90-->[androidx.profileinstaller:profileinstaller:1.4.0] AndroidManifest.xml:40:13-42:29
91                <action android:name="androidx.profileinstaller.action.INSTALL_PROFILE" />
91-->[androidx.profileinstaller:profileinstaller:1.4.0] AndroidManifest.xml:41:17-91
91-->[androidx.profileinstaller:profileinstaller:1.4.0] AndroidManifest.xml:41:25-88
92            </intent-filter>
93            <intent-filter>
93-->[androidx.profileinstaller:profileinstaller:1.4.0] AndroidManifest.xml:43:13-45:29
94                <action android:name="androidx.profileinstaller.action.SKIP_FILE" />
94-->[androidx.profileinstaller:profileinstaller:1.4.0] AndroidManifest.xml:44:17-85
94-->[androidx.profileinstaller:profileinstaller:1.4.0] AndroidManifest.xml:44:25-82
95            </intent-filter>
96            <intent-filter>
96-->[androidx.profileinstaller:profileinstaller:1.4.0] AndroidManifest.xml:46:13-48:29
97                <action android:name="androidx.profileinstaller.action.SAVE_PROFILE" />
97-->[androidx.profileinstaller:profileinstaller:1.4.0] AndroidManifest.xml:47:17-88
97-->[androidx.profileinstaller:profileinstaller:1.4.0] AndroidManifest.xml:47:25-85
98            </intent-filter>
99            <intent-filter>
99-->[androidx.profileinstaller:profileinstaller:1.4.0] AndroidManifest.xml:49:13-51:29
100                <action android:name="androidx.profileinstaller.action.BENCHMARK_OPERATION" />
100-->[androidx.profileinstaller:profileinstaller:1.4.0] AndroidManifest.xml:50:17-95
100-->[androidx.profileinstaller:profileinstaller:1.4.0] AndroidManifest.xml:50:25-92
101            </intent-filter>
102        </receiver>
103    </application>
104
105</manifest>